# JRE version: Java(TM) SE Runtime Environment (8.0_144-b01) (build 1.8.0_144-b01)
# Java VM: Java HotSpot(TM) 64-Bit Server VM (25.144-b01 mixed mode linux-amd64 compressed oops)
Heap:
 PSYoungGen      total 130048K, used 5104K [0x00000000d7f00000, 0x00000000e0300000, 0x0000000100000000)
  eden space 124928K, 0% used [0x00000000d7f00000,0x00000000d7f00000,0x00000000df900000)
  from space 5120K, 99% used [0x00000000df900000,0x00000000dfdfc030,0x00000000dfe00000)
  to   space 5120K, 0% used [0x00000000dfe00000,0x00000000dfe00000,0x00000000e0300000)
 ParOldGen       total 66048K, used 21137K [0x0000000087c00000, 0x000000008bc80000, 0x00000000d7f00000)
  object space 66048K, 32% used [0x0000000087c00000,0x00000000890a44a0,0x000000008bc80000)
 Metaspace       used 27182K, capacity 27664K, committed 27904K, reserved 1073152K
  class space    used 3420K, capacity 3550K, committed 3584K, reserved 1048576K
GC Heap History (10 events):
Event: 1.509 GC heap after
Heap after GC invocations=1 (full 0):
 PSYoungGen      total 36352K, used 4537K [0x00000000d7f00000, 0x00000000dc600000, 0x0000000100000000)
  eden space 31232K, 0% used [0x00000000d7f00000,0x00000000d7f00000,0x00000000d9d80000)
  from space 5120K, 88% used [0x00000000d9d80000,0x00000000da1ee6a0,0x00000000da280000)
  to   space 5120K, 0% used [0x00000000dc100000,0x00000000dc100000,0x00000000dc600000)
 ParOldGen       total 83456K, used 8K [0x0000000087c00000, 0x000000008cd80000, 0x00000000d7f00000)
  object space 83456K, 0% used [0x0000000087c00000,0x0000000087c02000,0x000000008cd80000)
 Metaspace       used 10157K, capacity 10452K, committed 10624K, reserved 1058816K
  class space    used 1267K, capacity 1377K, committed 1408K, reserved 1048576K
}
Event: 2.037 GC heap before
{Heap before GC invocations=2 (full 0):
 PSYoungGen      total 36352K, used 35769K [0x00000000d7f00000, 0x00000000dc600000, 0x0000000100000000)
  eden space 31232K, 100% used [0x00000000d7f00000,0x00000000d9d80000,0x00000000d9d80000)
  from space 5120K, 88% used [0x00000000d9d80000,0x00000000da1ee6a0,0x00000000da280000)
  to   space 5120K, 0% used [0x00000000dc100000,0x00000000dc100000,0x00000000dc600000)
 ParOldGen       total 83456K, used 8K [0x0000000087c00000, 0x000000008cd80000, 0x00000000d7f00000)
  object space 83456K, 0% used [0x0000000087c00000,0x0000000087c02000,0x000000008cd80000)
 Metaspace       used 13236K, capacity 13460K, committed 13696K, reserved 1060864K
  class space    used 1727K, capacity 1825K, committed 1920K, reserved 1048576K
Event: 2.059 GC heap after
Heap after GC invocations=2 (full 0):
 PSYoungGen      total 67584K, used 5110K [0x00000000d7f00000, 0x00000000dc600000, 0x0000000100000000)
  eden space 62464K, 0% used [0x00000000d7f00000,0x00000000d7f00000,0x00000000dbc00000)
  from space 5120K, 99% used [0x00000000dc100000,0x00000000dc5fd938,0x00000000dc600000)
  to   space 5120K, 0% used [0x00000000dbc00000,0x00000000dbc00000,0x00000000dc100000)
 ParOldGen       total 83456K, used 3045K [0x0000000087c00000, 0x000000008cd80000, 0x00000000d7f00000)
  object space 83456K, 3% used [0x0000000087c00000,0x0000000087ef97e0,0x000000008cd80000)
 Metaspace       used 13236K, capacity 13460K, committed 13696K, reserved 1060864K
  class space    used 1727K, capacity 1825K, committed 1920K, reserved 1048576K
}
Event: 2.775 GC heap before
{Heap before GC invocations=3 (full 0):
 PSYoungGen      total 67584K, used 67574K [0x00000000d7f00000, 0x00000000dc600000, 0x0000000100000000)
  eden space 62464K, 100% used [0x00000000d7f00000,0x00000000dbc00000,0x00000000dbc00000)
  from space 5120K, 99% used [0x00000000dc100000,0x00000000dc5fd938,0x00000000dc600000)
  to   space 5120K, 0% used [0x00000000dbc00000,0x00000000dbc00000,0x00000000dc100000)
 ParOldGen       total 83456K, used 3045K [0x0000000087c00000, 0x000000008cd80000, 0x00000000d7f00000)
  object space 83456K, 3% used [0x0000000087c00000,0x0000000087ef97e0,0x000000008cd80000)
 Metaspace       used 20075K, capacity 20398K, committed 20608K, reserved 1067008K
  class space    used 2501K, capacity 2599K, committed 2688K, reserved 1048576K
Event: 2.809 GC heap after
Heap after GC invocations=3 (full 0):
 PSYoungGen      total 67584K, used 5104K [0x00000000d7f00000, 0x00000000e0300000, 0x0000000100000000)
  eden space 62464K, 0% used [0x00000000d7f00000,0x00000000d7f00000,0x00000000dbc00000)
  from space 5120K, 99% used [0x00000000dbc00000,0x00000000dc0fc030,0x00000000dc100000)
  to   space 5120K, 0% used [0x00000000dfe00000,0x00000000dfe00000,0x00000000e0300000)
 ParOldGen       total 83456K, used 10941K [0x0000000087c00000, 0x000000008cd80000, 0x00000000d7f00000)
  object space 83456K, 13% used [0x0000000087c00000,0x00000000886af640,0x000000008cd80000)
 Metaspace       used 20075K, capacity 20398K, committed 20608K, reserved 1067008K
  class space    used 2501K, capacity 2599K, committed 2688K, reserved 1048576K
}
Event: 3.223 GC heap before
{Heap before GC invocations=4 (full 0):
 PSYoungGen      total 67584K, used 62307K [0x00000000d7f00000, 0x00000000e0300000, 0x0000000100000000)
  eden space 62464K, 91% used [0x00000000d7f00000,0x00000000db6dcd88,0x00000000dbc00000)
  from space 5120K, 99% used [0x00000000dbc00000,0x00000000dc0fc030,0x00000000dc100000)
  to   space 5120K, 0% used [0x00000000dfe00000,0x00000000dfe00000,0x00000000e0300000)
 ParOldGen       total 83456K, used 10941K [0x0000000087c00000, 0x000000008cd80000, 0x00000000d7f00000)
  object space 83456K, 13% used [0x0000000087c00000,0x00000000886af640,0x000000008cd80000)
 Metaspace       used 20813K, capacity 21116K, committed 21248K, reserved 1067008K
  class space    used 2616K, capacity 2703K, committed 2816K, reserved 1048576K
Event: 3.260 GC heap after
Heap after GC invocations=4 (full 0):
 PSYoungGen      total 130048K, used 5104K [0x00000000d7f00000, 0x00000000e0300000, 0x0000000100000000)
  eden space 124928K, 0% used [0x00000000d7f00000,0x00000000d7f00000,0x00000000df900000)
  from space 5120K, 99% used [0x00000000dfe00000,0x00000000e02fc030,0x00000000e0300000)
  to   space 5120K, 0% used [0x00000000df900000,0x00000000df900000,0x00000000dfe00000)
 ParOldGen       total 83456K, used 13165K [0x0000000087c00000, 0x000000008cd80000, 0x00000000d7f00000)
  object space 83456K, 15% used [0x0000000087c00000,0x00000000888db400,0x000000008cd80000)
 Metaspace       used 20813K, capacity 21116K, committed 21248K, reserved 1067008K
  class space    used 2616K, capacity 2703K, committed 2816K, reserved 1048576K
}
Event: 3.261 GC heap before
{Heap before GC invocations=5 (full 1):
 PSYoungGen      total 130048K, used 5104K [0x00000000d7f00000, 0x00000000e0300000, 0x0000000100000000)
  eden space 124928K, 0% used [0x00000000d7f00000,0x00000000d7f00000,0x00000000df900000)
  from space 5120K, 99% used [0x00000000dfe00000,0x00000000e02fc030,0x00000000e0300000)
  to   space 5120K, 0% used [0x00000000df900000,0x00000000df900000,0x00000000dfe00000)
 ParOldGen       total 83456K, used 13165K [0x0000000087c00000, 0x000000008cd80000, 0x00000000d7f00000)
  object space 83456K, 15% used [0x0000000087c00000,0x00000000888db400,0x000000008cd80000)
 Metaspace       used 20813K, capacity 21116K, committed 21248K, reserved 1067008K
  class space    used 2616K, capacity 2703K, committed 2816K, reserved 1048576K
Event: 3.334 GC heap after
Heap after GC invocations=5 (full 1):
 PSYoungGen      total 130048K, used 0K [0x00000000d7f00000, 0x00000000e0300000, 0x0000000100000000)
  eden space 124928K, 0% used [0x00000000d7f00000,0x00000000d7f00000,0x00000000df900000)
  from space 5120K, 0% used [0x00000000dfe00000,0x00000000dfe00000,0x00000000e0300000)
  to   space 5120K, 0% used [0x00000000df900000,0x00000000df900000,0x00000000dfe00000)
 ParOldGen       total 66048K, used 15754K [0x0000000087c00000, 0x000000008bc80000, 0x00000000d7f00000)
  object space 66048K, 23% used [0x0000000087c00000,0x0000000088b62870,0x000000008bc80000)
 Metaspace       used 20813K, capacity 21116K, committed 21248K, reserved 1067008K
  class space    used 2616K, capacity 2703K, committed 2816K, reserved 1048576K
}
Event: 5.537 GC heap before
{Heap before GC invocations=6 (full 1):
 PSYoungGen      total 130048K, used 124928K [0x00000000d7f00000, 0x00000000e0300000, 0x0000000100000000)
  eden space 124928K, 100% used [0x00000000d7f00000,0x00000000df900000,0x00000000df900000)
  from space 5120K, 0% used [0x00000000dfe00000,0x00000000dfe00000,0x00000000e0300000)
  to   space 5120K, 0% used [0x00000000df900000,0x00000000df900000,0x00000000dfe00000)
 ParOldGen       total 66048K, used 15754K [0x0000000087c00000, 0x000000008bc80000, 0x00000000d7f00000)
  object space 66048K, 23% used [0x0000000087c00000,0x0000000088b62870,0x000000008bc80000)
 Metaspace       used 27182K, capacity 27664K, committed 27904K, reserved 1073152K
  class space    used 3420K, capacity 3550K, committed 3584K, reserved 1048576K

