# JRE version: Java(TM) SE Runtime Environment (8.0_144-b01) (build 1.8.0_144-b01)
# Java VM: Java HotSpot(TM) 64-Bit Server VM (25.144-b01 mixed mode linux-amd64 compressed oops)
Heap:
 PSYoungGen      total 130048K, used 5104K [0x00000000d7f00000, 0x00000000e0300000, 0x0000000100000000)
  eden space 124928K, 0% used [0x00000000d7f00000,0x00000000d7f00000,0x00000000df900000)
  from space 5120K, 99% used [0x00000000df900000,0x00000000dfdfc030,0x00000000dfe00000)
  to   space 5120K, 0% used [0x00000000dfe00000,0x00000000dfe00000,0x00000000e0300000)
 ParOldGen       total 60416K, used 17100K [0x0000000087c00000, 0x000000008b700000, 0x00000000d7f00000)
  object space 60416K, 28% used [0x0000000087c00000,0x0000000088cb3170,0x000000008b700000)
 Metaspace       used 27178K, capacity 27610K, committed 27904K, reserved 1073152K
  class space    used 3425K, capacity 3549K, committed 3584K, reserved 1048576K
GC Heap History (10 events):
Event: 1.037 GC heap after
Heap after GC invocations=1 (full 0):
 PSYoungGen      total 36352K, used 4722K [0x00000000d7f00000, 0x00000000dc600000, 0x0000000100000000)
  eden space 31232K, 0% used [0x00000000d7f00000,0x00000000d7f00000,0x00000000d9d80000)
  from space 5120K, 92% used [0x00000000d9d80000,0x00000000da21c890,0x00000000da280000)
  to   space 5120K, 0% used [0x00000000dc100000,0x00000000dc100000,0x00000000dc600000)
 ParOldGen       total 83456K, used 8K [0x0000000087c00000, 0x000000008cd80000, 0x00000000d7f00000)
  object space 83456K, 0% used [0x0000000087c00000,0x0000000087c02000,0x000000008cd80000)
 Metaspace       used 10159K, capacity 10302K, committed 10624K, reserved 1058816K
  class space    used 1255K, capacity 1320K, committed 1408K, reserved 1048576K
}
Event: 1.315 GC heap before
{Heap before GC invocations=2 (full 0):
 PSYoungGen      total 36352K, used 35954K [0x00000000d7f00000, 0x00000000dc600000, 0x0000000100000000)
  eden space 31232K, 100% used [0x00000000d7f00000,0x00000000d9d80000,0x00000000d9d80000)
  from space 5120K, 92% used [0x00000000d9d80000,0x00000000da21c890,0x00000000da280000)
  to   space 5120K, 0% used [0x00000000dc100000,0x00000000dc100000,0x00000000dc600000)
 ParOldGen       total 83456K, used 8K [0x0000000087c00000, 0x000000008cd80000, 0x00000000d7f00000)
  object space 83456K, 0% used [0x0000000087c00000,0x0000000087c02000,0x000000008cd80000)
 Metaspace       used 13591K, capacity 13860K, committed 13952K, reserved 1060864K
  class space    used 1778K, capacity 1889K, committed 1920K, reserved 1048576K
Event: 1.356 GC heap after
Heap after GC invocations=2 (full 0):
 PSYoungGen      total 67584K, used 5088K [0x00000000d7f00000, 0x00000000dc600000, 0x0000000100000000)
  eden space 62464K, 0% used [0x00000000d7f00000,0x00000000d7f00000,0x00000000dbc00000)
  from space 5120K, 99% used [0x00000000dc100000,0x00000000dc5f81c0,0x00000000dc600000)
  to   space 5120K, 0% used [0x00000000dbc00000,0x00000000dbc00000,0x00000000dc100000)
 ParOldGen       total 83456K, used 3367K [0x0000000087c00000, 0x000000008cd80000, 0x00000000d7f00000)
  object space 83456K, 4% used [0x0000000087c00000,0x0000000087f49c38,0x000000008cd80000)
 Metaspace       used 13591K, capacity 13860K, committed 13952K, reserved 1060864K
  class space    used 1778K, capacity 1889K, committed 1920K, reserved 1048576K
}
Event: 2.250 GC heap before
{Heap before GC invocations=3 (full 0):
 PSYoungGen      total 67584K, used 67552K [0x00000000d7f00000, 0x00000000dc600000, 0x0000000100000000)
  eden space 62464K, 100% used [0x00000000d7f00000,0x00000000dbc00000,0x00000000dbc00000)
  from space 5120K, 99% used [0x00000000dc100000,0x00000000dc5f81c0,0x00000000dc600000)
  to   space 5120K, 0% used [0x00000000dbc00000,0x00000000dbc00000,0x00000000dc100000)
 ParOldGen       total 83456K, used 3367K [0x0000000087c00000, 0x000000008cd80000, 0x00000000d7f00000)
  object space 83456K, 4% used [0x0000000087c00000,0x0000000087f49c38,0x000000008cd80000)
 Metaspace       used 20143K, capacity 20414K, committed 20608K, reserved 1067008K
  class space    used 2515K, capacity 2599K, committed 2688K, reserved 1048576K
Event: 2.278 GC heap after
Heap after GC invocations=3 (full 0):
 PSYoungGen      total 67584K, used 5118K [0x00000000d7f00000, 0x00000000e0300000, 0x0000000100000000)
  eden space 62464K, 0% used [0x00000000d7f00000,0x00000000d7f00000,0x00000000dbc00000)
  from space 5120K, 99% used [0x00000000dbc00000,0x00000000dc0ff860,0x00000000dc100000)
  to   space 5120K, 0% used [0x00000000dfe00000,0x00000000dfe00000,0x00000000e0300000)
 ParOldGen       total 83456K, used 10587K [0x0000000087c00000, 0x000000008cd80000, 0x00000000d7f00000)
  object space 83456K, 12% used [0x0000000087c00000,0x0000000088656eb8,0x000000008cd80000)
 Metaspace       used 20143K, capacity 20414K, committed 20608K, reserved 1067008K
  class space    used 2515K, capacity 2599K, committed 2688K, reserved 1048576K
}
Event: 2.617 GC heap before
{Heap before GC invocations=4 (full 0):
 PSYoungGen      total 67584K, used 61959K [0x00000000d7f00000, 0x00000000e0300000, 0x0000000100000000)
  eden space 62464K, 90% used [0x00000000d7f00000,0x00000000db682670,0x00000000dbc00000)
  from space 5120K, 99% used [0x00000000dbc00000,0x00000000dc0ff860,0x00000000dc100000)
  to   space 5120K, 0% used [0x00000000dfe00000,0x00000000dfe00000,0x00000000e0300000)
 ParOldGen       total 83456K, used 10587K [0x0000000087c00000, 0x000000008cd80000, 0x00000000d7f00000)
  object space 83456K, 12% used [0x0000000087c00000,0x0000000088656eb8,0x000000008cd80000)
 Metaspace       used 20846K, capacity 21132K, committed 21248K, reserved 1067008K
  class space    used 2622K, capacity 2703K, committed 2816K, reserved 1048576K
Event: 2.641 GC heap after
Heap after GC invocations=4 (full 0):
 PSYoungGen      total 130048K, used 5088K [0x00000000d7f00000, 0x00000000e0300000, 0x0000000100000000)
  eden space 124928K, 0% used [0x00000000d7f00000,0x00000000d7f00000,0x00000000df900000)
  from space 5120K, 99% used [0x00000000dfe00000,0x00000000e02f8020,0x00000000e0300000)
  to   space 5120K, 0% used [0x00000000df900000,0x00000000df900000,0x00000000dfe00000)
 ParOldGen       total 83456K, used 12841K [0x0000000087c00000, 0x000000008cd80000, 0x00000000d7f00000)
  object space 83456K, 15% used [0x0000000087c00000,0x000000008888a778,0x000000008cd80000)
 Metaspace       used 20846K, capacity 21132K, committed 21248K, reserved 1067008K
  class space    used 2622K, capacity 2703K, committed 2816K, reserved 1048576K
}
Event: 2.641 GC heap before
{Heap before GC invocations=5 (full 1):
 PSYoungGen      total 130048K, used 5088K [0x00000000d7f00000, 0x00000000e0300000, 0x0000000100000000)
  eden space 124928K, 0% used [0x00000000d7f00000,0x00000000d7f00000,0x00000000df900000)
  from space 5120K, 99% used [0x00000000dfe00000,0x00000000e02f8020,0x00000000e0300000)
  to   space 5120K, 0% used [0x00000000df900000,0x00000000df900000,0x00000000dfe00000)
 ParOldGen       total 83456K, used 12841K [0x0000000087c00000, 0x000000008cd80000, 0x00000000d7f00000)
  object space 83456K, 15% used [0x0000000087c00000,0x000000008888a778,0x000000008cd80000)
 Metaspace       used 20846K, capacity 21132K, committed 21248K, reserved 1067008K
  class space    used 2622K, capacity 2703K, committed 2816K, reserved 1048576K
Event: 2.709 GC heap after
Heap after GC invocations=5 (full 1):
 PSYoungGen      total 130048K, used 0K [0x00000000d7f00000, 0x00000000e0300000, 0x0000000100000000)
  eden space 124928K, 0% used [0x00000000d7f00000,0x00000000d7f00000,0x00000000df900000)
  from space 5120K, 0% used [0x00000000dfe00000,0x00000000dfe00000,0x00000000e0300000)
  to   space 5120K, 0% used [0x00000000df900000,0x00000000df900000,0x00000000dfe00000)
 ParOldGen       total 60416K, used 11614K [0x0000000087c00000, 0x000000008b700000, 0x00000000d7f00000)
  object space 60416K, 19% used [0x0000000087c00000,0x0000000088757978,0x000000008b700000)
 Metaspace       used 20846K, capacity 21132K, committed 21248K, reserved 1067008K
  class space    used 2622K, capacity 2703K, committed 2816K, reserved 1048576K
}
Event: 3.642 GC heap before
{Heap before GC invocations=6 (full 1):
 PSYoungGen      total 130048K, used 124928K [0x00000000d7f00000, 0x00000000e0300000, 0x0000000100000000)
  eden space 124928K, 100% used [0x00000000d7f00000,0x00000000df900000,0x00000000df900000)
  from space 5120K, 0% used [0x00000000dfe00000,0x00000000dfe00000,0x00000000e0300000)
  to   space 5120K, 0% used [0x00000000df900000,0x00000000df900000,0x00000000dfe00000)
 ParOldGen       total 60416K, used 11614K [0x0000000087c00000, 0x000000008b700000, 0x00000000d7f00000)
  object space 60416K, 19% used [0x0000000087c00000,0x0000000088757978,0x000000008b700000)
 Metaspace       used 27178K, capacity 27610K, committed 27904K, reserved 1073152K
  class space    used 3425K, capacity 3549K, committed 3584K, reserved 1048576K

