# JRE version: Java(TM) SE Runtime Environment (8.0_144-b01) (build 1.8.0_144-b01)
# Java VM: Java HotSpot(TM) 64-Bit Server VM (25.144-b01 mixed mode linux-amd64 compressed oops)
Heap:
 PSYoungGen      total 216576K, used 14641K [0x00000000d7f00000, 0x00000000e6280000, 0x0000000100000000)
  eden space 200192K, 0% used [0x00000000d7f00000,0x00000000d7f00000,0x00000000e4280000)
  from space 16384K, 89% used [0x00000000e4280000,0x00000000e50cc738,0x00000000e5280000)
  to   space 13824K, 0% used [0x00000000e5500000,0x00000000e5500000,0x00000000e6280000)
 ParOldGen       total 61440K, used 17222K [0x0000000087c00000, 0x000000008b800000, 0x00000000d7f00000)
  object space 61440K, 28% used [0x0000000087c00000,0x0000000088cd18e8,0x000000008b800000)
 Metaspace       used 34665K, capacity 35159K, committed 35416K, reserved 1081344K
  class space    used 4350K, capacity 4480K, committed 4480K, reserved 1048576K
GC Heap History (10 events):
Event: 2.039 GC heap after
Heap after GC invocations=3 (full 0):
 PSYoungGen      total 67584K, used 5088K [0x00000000d7f00000, 0x00000000e0300000, 0x0000000100000000)
  eden space 62464K, 0% used [0x00000000d7f00000,0x00000000d7f00000,0x00000000dbc00000)
  from space 5120K, 99% used [0x00000000dbc00000,0x00000000dc0f8020,0x00000000dc100000)
  to   space 5120K, 0% used [0x00000000dfe00000,0x00000000dfe00000,0x00000000e0300000)
 ParOldGen       total 83456K, used 11024K [0x0000000087c00000, 0x000000008cd80000, 0x00000000d7f00000)
  object space 83456K, 13% used [0x0000000087c00000,0x00000000886c4188,0x000000008cd80000)
 Metaspace       used 20082K, capacity 20334K, committed 20608K, reserved 1067008K
  class space    used 2502K, capacity 2599K, committed 2688K, reserved 1048576K
}
Event: 2.475 GC heap before
{Heap before GC invocations=4 (full 0):
 PSYoungGen      total 67584K, used 65518K [0x00000000d7f00000, 0x00000000e0300000, 0x0000000100000000)
  eden space 62464K, 96% used [0x00000000d7f00000,0x00000000dba038a0,0x00000000dbc00000)
  from space 5120K, 99% used [0x00000000dbc00000,0x00000000dc0f8020,0x00000000dc100000)
  to   space 5120K, 0% used [0x00000000dfe00000,0x00000000dfe00000,0x00000000e0300000)
 ParOldGen       total 83456K, used 11024K [0x0000000087c00000, 0x000000008cd80000, 0x00000000d7f00000)
  object space 83456K, 13% used [0x0000000087c00000,0x00000000886c4188,0x000000008cd80000)
 Metaspace       used 20841K, capacity 21116K, committed 21248K, reserved 1067008K
  class space    used 2622K, capacity 2703K, committed 2816K, reserved 1048576K
Event: 2.503 GC heap after
Heap after GC invocations=4 (full 0):
 PSYoungGen      total 130048K, used 5104K [0x00000000d7f00000, 0x00000000e0300000, 0x0000000100000000)
  eden space 124928K, 0% used [0x00000000d7f00000,0x00000000d7f00000,0x00000000df900000)
  from space 5120K, 99% used [0x00000000dfe00000,0x00000000e02fc030,0x00000000e0300000)
  to   space 5120K, 0% used [0x00000000df900000,0x00000000df900000,0x00000000dfe00000)
 ParOldGen       total 83456K, used 13276K [0x0000000087c00000, 0x000000008cd80000, 0x00000000d7f00000)
  object space 83456K, 15% used [0x0000000087c00000,0x00000000888f72c0,0x000000008cd80000)
 Metaspace       used 20841K, capacity 21116K, committed 21248K, reserved 1067008K
  class space    used 2622K, capacity 2703K, committed 2816K, reserved 1048576K
}
Event: 2.503 GC heap before
{Heap before GC invocations=5 (full 1):
 PSYoungGen      total 130048K, used 5104K [0x00000000d7f00000, 0x00000000e0300000, 0x0000000100000000)
  eden space 124928K, 0% used [0x00000000d7f00000,0x00000000d7f00000,0x00000000df900000)
  from space 5120K, 99% used [0x00000000dfe00000,0x00000000e02fc030,0x00000000e0300000)
  to   space 5120K, 0% used [0x00000000df900000,0x00000000df900000,0x00000000dfe00000)
 ParOldGen       total 83456K, used 13276K [0x0000000087c00000, 0x000000008cd80000, 0x00000000d7f00000)
  object space 83456K, 15% used [0x0000000087c00000,0x00000000888f72c0,0x000000008cd80000)
 Metaspace       used 20841K, capacity 21116K, committed 21248K, reserved 1067008K
  class space    used 2622K, capacity 2703K, committed 2816K, reserved 1048576K
Event: 2.576 GC heap after
Heap after GC invocations=5 (full 1):
 PSYoungGen      total 130048K, used 0K [0x00000000d7f00000, 0x00000000e0300000, 0x0000000100000000)
  eden space 124928K, 0% used [0x00000000d7f00000,0x00000000d7f00000,0x00000000df900000)
  from space 5120K, 0% used [0x00000000dfe00000,0x00000000dfe00000,0x00000000e0300000)
  to   space 5120K, 0% used [0x00000000df900000,0x00000000df900000,0x00000000dfe00000)
 ParOldGen       total 61440K, used 11705K [0x0000000087c00000, 0x000000008b800000, 0x00000000d7f00000)
  object space 61440K, 19% used [0x0000000087c00000,0x000000008876e438,0x000000008b800000)
 Metaspace       used 20841K, capacity 21116K, committed 21248K, reserved 1067008K
  class space    used 2622K, capacity 2703K, committed 2816K, reserved 1048576K
}
Event: 4.194 GC heap before
{Heap before GC invocations=6 (full 1):
 PSYoungGen      total 130048K, used 124928K [0x00000000d7f00000, 0x00000000e0300000, 0x0000000100000000)
  eden space 124928K, 100% used [0x00000000d7f00000,0x00000000df900000,0x00000000df900000)
  from space 5120K, 0% used [0x00000000dfe00000,0x00000000dfe00000,0x00000000e0300000)
  to   space 5120K, 0% used [0x00000000df900000,0x00000000df900000,0x00000000dfe00000)
 ParOldGen       total 61440K, used 11705K [0x0000000087c00000, 0x000000008b800000, 0x00000000d7f00000)
  object space 61440K, 19% used [0x0000000087c00000,0x000000008876e438,0x000000008b800000)
 Metaspace       used 27164K, capacity 27600K, committed 27904K, reserved 1073152K
  class space    used 3424K, capacity 3550K, committed 3584K, reserved 1048576K
Event: 4.215 GC heap after
Heap after GC invocations=6 (full 1):
 PSYoungGen      total 130048K, used 5088K [0x00000000d7f00000, 0x00000000e6300000, 0x0000000100000000)
  eden space 124928K, 0% used [0x00000000d7f00000,0x00000000d7f00000,0x00000000df900000)
  from space 5120K, 99% used [0x00000000df900000,0x00000000dfdf8020,0x00000000dfe00000)
  to   space 14336K, 0% used [0x00000000e5500000,0x00000000e5500000,0x00000000e6300000)
 ParOldGen       total 61440K, used 17206K [0x0000000087c00000, 0x000000008b800000, 0x00000000d7f00000)
  object space 61440K, 28% used [0x0000000087c00000,0x0000000088ccd8e8,0x000000008b800000)
 Metaspace       used 27164K, capacity 27600K, committed 27904K, reserved 1073152K
  class space    used 3424K, capacity 3550K, committed 3584K, reserved 1048576K
}
Event: 6.150 GC heap before
{Heap before GC invocations=7 (full 1):
 PSYoungGen      total 130048K, used 130016K [0x00000000d7f00000, 0x00000000e6300000, 0x0000000100000000)
  eden space 124928K, 100% used [0x00000000d7f00000,0x00000000df900000,0x00000000df900000)
  from space 5120K, 99% used [0x00000000df900000,0x00000000dfdf8020,0x00000000dfe00000)
  to   space 14336K, 0% used [0x00000000e5500000,0x00000000e5500000,0x00000000e6300000)
 ParOldGen       total 61440K, used 17206K [0x0000000087c00000, 0x000000008b800000, 0x00000000d7f00000)
  object space 61440K, 28% used [0x0000000087c00000,0x0000000088ccd8e8,0x000000008b800000)
 Metaspace       used 31663K, capacity 32158K, committed 32512K, reserved 1077248K
  class space    used 3945K, capacity 4060K, committed 4096K, reserved 1048576K
Event: 6.190 GC heap after
Heap after GC invocations=7 (full 1):
 PSYoungGen      total 214016K, used 13736K [0x00000000d7f00000, 0x00000000e6280000, 0x0000000100000000)
  eden space 200192K, 0% used [0x00000000d7f00000,0x00000000d7f00000,0x00000000e4280000)
  from space 13824K, 99% used [0x00000000e5500000,0x00000000e626a298,0x00000000e6280000)
  to   space 16384K, 0% used [0x00000000e4280000,0x00000000e4280000,0x00000000e5280000)
 ParOldGen       total 61440K, used 17214K [0x0000000087c00000, 0x000000008b800000, 0x00000000d7f00000)
  object space 61440K, 28% used [0x0000000087c00000,0x0000000088ccf8e8,0x000000008b800000)
 Metaspace       used 31663K, capacity 32158K, committed 32512K, reserved 1077248K
  class space    used 3945K, capacity 4060K, committed 4096K, reserved 1048576K
}
Event: 97.049 GC heap before
{Heap before GC invocations=8 (full 1):
 PSYoungGen      total 214016K, used 57437K [0x00000000d7f00000, 0x00000000e6280000, 0x0000000100000000)
  eden space 200192K, 21% used [0x00000000d7f00000,0x00000000da9ad2b0,0x00000000e4280000)
  from space 13824K, 99% used [0x00000000e5500000,0x00000000e626a298,0x00000000e6280000)
  to   space 16384K, 0% used [0x00000000e4280000,0x00000000e4280000,0x00000000e5280000)
 ParOldGen       total 61440K, used 17214K [0x0000000087c00000, 0x000000008b800000, 0x00000000d7f00000)
  object space 61440K, 28% used [0x0000000087c00000,0x0000000088ccf8e8,0x000000008b800000)
 Metaspace       used 34665K, capacity 35159K, committed 35416K, reserved 1081344K
  class space    used 4350K, capacity 4480K, committed 4480K, reserved 1048576K

